[db_handler] Tables created / verified.
 * Serving Flask app 'app_flask'
 * Debug mode: on
WARNING: This is a development server. Do not use it in a production deployment. Use a production WSGI server instead.
 * Running on all addresses (0.0.0.0)
 * Running on http://127.0.0.1:5000
 * Running on http://10.100.102.199:5000
Press CTRL+C to quit
 * Restarting with stat
 * Debugger is active!
 * Debugger PIN: 966-200-766
 * Detected change in 'C:\\Users\\micha\\Desktop\\max\\AI\\·“∙\\Content_Filtering\\config.py', reloading
[db_handler] Tables created / verified.
 * Restarting with stat
 * Debugger is active!
 * Debugger PIN: 966-200-766
 * Detected change in 'C:\\Users\\micha\\Desktop\\max\\AI\\·“∙\\Content_Filtering\\config.py', reloading
[db_handler] Tables created / verified.
 * Restarting with stat
 * Debugger is active!
 * Debugger PIN: 966-200-766
 * Detected change in 'C:\\Users\\micha\\Desktop\\max\\AI\\·“∙\\Content_Filtering\\config.py', reloading
[db_handler] Tables created / verified.
 * Restarting with stat
 * Debugger is active!
 * Debugger PIN: 966-200-766
 * Detected change in 'C:\\Users\\micha\\Desktop\\max\\AI\\·“∙\\Content_Filtering\\config.py', reloading
[db_handler] Tables created / verified.
 * Restarting with stat
 * Debugger is active!
 * Debugger PIN: 966-200-766
 * Detected change in 'C:\\Users\\micha\\Desktop\\max\\AI\\·“∙\\Content_Filtering\\core\\agents.py', reloading
[db_handler] Tables created / verified.
 * Restarting with stat
 * Debugger is active!
 * Debugger PIN: 966-200-766
 * Detected change in 'C:\\Users\\micha\\Desktop\\max\\AI\\·“∙\\Content_Filtering\\core\\agents.py', reloading
[db_handler] Tables created / verified.
 * Restarting with stat
 * Debugger is active!
 * Debugger PIN: 966-200-766
 * Detected change in 'C:\\Users\\micha\\Desktop\\max\\AI\\·“∙\\Content_Filtering\\config.py', reloading
[db_handler] Tables created / verified.
 * Restarting with stat
 * Debugger is active!
 * Debugger PIN: 966-200-766
 * Detected change in 'C:\\Users\\micha\\Desktop\\max\\AI\\·“∙\\Content_Filtering\\core\\agents.py', reloading
[db_handler] Tables created / verified.
 * Restarting with stat
 * Debugger is active!
 * Debugger PIN: 966-200-766
 * Detected change in 'C:\\Users\\micha\\Desktop\\max\\AI\\·“∙\\Content_Filtering\\core\\agents.py', reloading
[db_handler] Tables created / verified.
 * Restarting with stat
 * Debugger is active!
 * Debugger PIN: 966-200-766
 * Detected change in 'C:\\Users\\micha\\Desktop\\max\\AI\\·“∙\\Content_Filtering\\config.py', reloading
[db_handler] Tables created / verified.
 * Restarting with stat
 * Debugger is active!
 * Debugger PIN: 966-200-766
 * Detected change in 'C:\\Users\\micha\\Desktop\\max\\AI\\·“∙\\Content_Filtering\\config.py', reloading
[db_handler] Tables created / verified.
 * Restarting with stat
 * Debugger is active!
 * Debugger PIN: 966-200-766
